# JRE version: Java(TM) SE Runtime Environment (14.0.1+7) (build 14.0.1+7)
# Java VM: Java HotSpot(TM) 64-Bit Server VM (14.0.1+7, mixed mode, sharing, tiered, compressed oops, g1 gc, windows-amd64)
Heap:
 garbage-first heap   total 65536K, used 23205K [0x00000000c0000000, 0x0000000100000000)
  region size 1024K, 6 young (6144K), 3 survivors (3072K)
 Metaspace       used 50092K, capacity 51401K, committed 51584K, reserved 1093632K
  class space    used 6770K, capacity 7289K, committed 7296K, reserved 1048576K
GC Heap History (20 events):
Event: 11.891 GC heap before
{Heap before GC invocations=10 (full 0):
 garbage-first heap   total 45056K, used 33625K [0x00000000c0000000, 0x0000000100000000)
  region size 1024K, 26 young (26624K), 4 survivors (4096K)
 Metaspace       used 23655K, capacity 24405K, committed 24576K, reserved 1071104K
  class space    used 3037K, capacity 3313K, committed 3328K, reserved 1048576K
}
Event: 11.917 GC heap after
{Heap after GC invocations=11 (full 0):
 garbage-first heap   total 45056K, used 12035K [0x00000000c0000000, 0x0000000100000000)
  region size 1024K, 3 young (3072K), 3 survivors (3072K)
 Metaspace       used 23655K, capacity 24405K, committed 24576K, reserved 1071104K
  class space    used 3037K, capacity 3313K, committed 3328K, reserved 1048576K
}
Event: 13.547 GC heap before
{Heap before GC invocations=11 (full 0):
 garbage-first heap   total 45056K, used 34563K [0x00000000c0000000, 0x0000000100000000)
  region size 1024K, 25 young (25600K), 3 survivors (3072K)
 Metaspace       used 27474K, capacity 28367K, committed 28544K, reserved 1073152K
  class space    used 3534K, capacity 3888K, committed 3968K, reserved 1048576K
}
Event: 13.575 GC heap after
{Heap after GC invocations=12 (full 0):
 garbage-first heap   total 45056K, used 13936K [0x00000000c0000000, 0x0000000100000000)
  region size 1024K, 4 young (4096K), 4 survivors (4096K)
 Metaspace       used 27474K, capacity 28367K, committed 28544K, reserved 1073152K
  class space    used 3534K, capacity 3888K, committed 3968K, reserved 1048576K
}
Event: 13.592 GC heap before
{Heap before GC invocations=12 (full 0):
 garbage-first heap   total 45056K, used 32368K [0x00000000c0000000, 0x0000000100000000)
  region size 1024K, 23 young (23552K), 4 survivors (4096K)
 Metaspace       used 27474K, capacity 28367K, committed 28544K, reserved 1073152K
  class space    used 3534K, capacity 3888K, committed 3968K, reserved 1048576K
}
Event: 13.604 GC heap after
{Heap after GC invocations=13 (full 0):
 garbage-first heap   total 45056K, used 14178K [0x00000000c0000000, 0x0000000100000000)
  region size 1024K, 1 young (1024K), 1 survivors (1024K)
 Metaspace       used 27474K, capacity 28367K, committed 28544K, reserved 1073152K
  class space    used 3534K, capacity 3888K, committed 3968K, reserved 1048576K
}
Event: 13.702 GC heap before
{Heap before GC invocations=13 (full 0):
 garbage-first heap   total 45056K, used 33634K [0x00000000c0000000, 0x0000000100000000)
  region size 1024K, 21 young (21504K), 1 survivors (1024K)
 Metaspace       used 27725K, capacity 28642K, committed 28800K, reserved 1075200K
  class space    used 3562K, capacity 3894K, committed 3968K, reserved 1048576K
}
Event: 13.704 GC heap after
{Heap after GC invocations=14 (full 0):
 garbage-first heap   total 54272K, used 14048K [0x00000000c0000000, 0x0000000100000000)
  region size 1024K, 1 young (1024K), 1 survivors (1024K)
 Metaspace       used 27725K, capacity 28642K, committed 28800K, reserved 1075200K
  class space    used 3562K, capacity 3894K, committed 3968K, reserved 1048576K
}
Event: 13.844 GC heap before
{Heap before GC invocations=14 (full 0):
 garbage-first heap   total 54272K, used 41696K [0x00000000c0000000, 0x0000000100000000)
  region size 1024K, 29 young (29696K), 1 survivors (1024K)
 Metaspace       used 28105K, capacity 29035K, committed 29056K, reserved 1075200K
  class space    used 3593K, capacity 3961K, committed 3968K, reserved 1048576K
}
Event: 13.846 GC heap after
{Heap after GC invocations=15 (full 0):
 garbage-first heap   total 54272K, used 14469K [0x00000000c0000000, 0x0000000100000000)
  region size 1024K, 1 young (1024K), 1 survivors (1024K)
 Metaspace       used 28105K, capacity 29035K, committed 29056K, reserved 1075200K
  class space    used 3593K, capacity 3961K, committed 3968K, reserved 1048576K
}
Event: 14.924 GC heap before
{Heap before GC invocations=15 (full 0):
 garbage-first heap   total 54272K, used 42117K [0x00000000c0000000, 0x0000000100000000)
  region size 1024K, 29 young (29696K), 1 survivors (1024K)
 Metaspace       used 30437K, capacity 31394K, committed 31616K, reserved 1077248K
  class space    used 3849K, capacity 4214K, committed 4224K, reserved 1048576K
}
Event: 14.937 GC heap after
{Heap after GC invocations=16 (full 0):
 garbage-first heap   total 54272K, used 15163K [0x00000000c0000000, 0x0000000100000000)
  region size 1024K, 2 young (2048K), 2 survivors (2048K)
 Metaspace       used 30437K, capacity 31394K, committed 31616K, reserved 1077248K
  class space    used 3849K, capacity 4214K, committed 4224K, reserved 1048576K
}
Event: 16.097 GC heap before
{Heap before GC invocations=16 (full 0):
 garbage-first heap   total 54272K, used 33595K [0x00000000c0000000, 0x0000000100000000)
  region size 1024K, 21 young (21504K), 2 survivors (2048K)
 Metaspace       used 34480K, capacity 35421K, committed 35584K, reserved 1079296K
  class space    used 4642K, capacity 5001K, committed 5120K, reserved 1048576K
}
Event: 16.127 GC heap after
{Heap after GC invocations=17 (full 0):
 garbage-first heap   total 54272K, used 15876K [0x00000000c0000000, 0x0000000100000000)
  region size 1024K, 2 young (2048K), 2 survivors (2048K)
 Metaspace       used 34480K, capacity 35421K, committed 35584K, reserved 1079296K
  class space    used 4642K, capacity 5001K, committed 5120K, reserved 1048576K
}
Event: 18.204 GC heap before
{Heap before GC invocations=18 (full 0):
 garbage-first heap   total 54272K, used 43524K [0x00000000c0000000, 0x0000000100000000)
  region size 1024K, 29 young (29696K), 2 survivors (2048K)
 Metaspace       used 40922K, capacity 41937K, committed 42240K, reserved 1085440K
  class space    used 5452K, capacity 5830K, committed 5888K, reserved 1048576K
}
Event: 18.225 GC heap after
{Heap after GC invocations=19 (full 0):
 garbage-first heap   total 54272K, used 18718K [0x00000000c0000000, 0x0000000100000000)
  region size 1024K, 4 young (4096K), 4 survivors (4096K)
 Metaspace       used 40922K, capacity 41937K, committed 42240K, reserved 1085440K
  class space    used 5452K, capacity 5830K, committed 5888K, reserved 1048576K
}
Event: 19.644 GC heap before
{Heap before GC invocations=19 (full 0):
 garbage-first heap   total 54272K, used 42270K [0x00000000c0000000, 0x0000000100000000)
  region size 1024K, 27 young (27648K), 4 survivors (4096K)
 Metaspace       used 45705K, capacity 46813K, committed 46976K, reserved 1089536K
  class space    used 6208K, capacity 6660K, committed 6784K, reserved 1048576K
}
Event: 19.662 GC heap after
{Heap after GC invocations=20 (full 0):
 garbage-first heap   total 54272K, used 19765K [0x00000000c0000000, 0x0000000100000000)
  region size 1024K, 1 young (1024K), 1 survivors (1024K)
 Metaspace       used 45705K, capacity 46813K, committed 46976K, reserved 1089536K
  class space    used 6208K, capacity 6660K, committed 6784K, reserved 1048576K
}
Event: 21.321 GC heap before
{Heap before GC invocations=20 (full 0):
 garbage-first heap   total 54272K, used 42293K [0x00000000c0000000, 0x0000000100000000)
  region size 1024K, 23 young (23552K), 1 survivors (1024K)
 Metaspace       used 49519K, capacity 50822K, committed 51072K, reserved 1093632K
  class space    used 6701K, capacity 7225K, committed 7296K, reserved 1048576K
}
Event: 21.332 GC heap after
{Heap after GC invocations=21 (full 0):
 garbage-first heap   total 65536K, used 21157K [0x00000000c0000000, 0x0000000100000000)
  region size 1024K, 3 young (3072K), 3 survivors (3072K)
 Metaspace       used 49519K, capacity 50822K, committed 51072K, reserved 1093632K
  class space    used 6701K, capacity 7225K, committed 7296K, reserved 1048576K
}

