# JRE version: Java(TM) SE Runtime Environment (14.0.1+7) (build 14.0.1+7)
# Java VM: Java HotSpot(TM) 64-Bit Server VM (14.0.1+7, mixed mode, sharing, tiered, compressed oops, g1 gc, windows-amd64)
Heap:
 garbage-first heap   total 58368K, used 37671K [0x00000000c0000000, 0x0000000100000000)
  region size 1024K, 20 young (20480K), 2 survivors (2048K)
 Metaspace       used 50522K, capacity 51841K, committed 51968K, reserved 1093632K
  class space    used 6828K, capacity 7347K, committed 7424K, reserved 1048576K
GC Heap History (20 events):
Event: 7.515 GC heap before
{Heap before GC invocations=8 (full 0):
 garbage-first heap   total 84992K, used 12636K [0x00000000c0000000, 0x0000000100000000)
  region size 1024K, 8 young (8192K), 5 survivors (5120K)
 Metaspace       used 20517K, capacity 21136K, committed 21248K, reserved 1067008K
  class space    used 2616K, capacity 2809K, committed 2816K, reserved 1048576K
}
Event: 7.530 GC heap after
{Heap after GC invocations=9 (full 0):
 garbage-first heap   total 84992K, used 11049K [0x00000000c0000000, 0x0000000100000000)
  region size 1024K, 4 young (4096K), 4 survivors (4096K)
 Metaspace       used 20517K, capacity 21136K, committed 21248K, reserved 1067008K
  class space    used 2616K, capacity 2809K, committed 2816K, reserved 1048576K
}
Event: 8.691 GC heap before
{Heap before GC invocations=10 (full 0):
 garbage-first heap   total 40960K, used 31529K [0x00000000c0000000, 0x0000000100000000)
  region size 1024K, 24 young (24576K), 4 survivors (4096K)
 Metaspace       used 23437K, capacity 24218K, committed 24320K, reserved 1071104K
  class space    used 3006K, capacity 3275K, committed 3328K, reserved 1048576K
}
Event: 8.736 GC heap after
{Heap after GC invocations=11 (full 0):
 garbage-first heap   total 50176K, used 11766K [0x00000000c0000000, 0x0000000100000000)
  region size 1024K, 2 young (2048K), 2 survivors (2048K)
 Metaspace       used 23437K, capacity 24218K, committed 24320K, reserved 1071104K
  class space    used 3006K, capacity 3275K, committed 3328K, reserved 1048576K
}
Event: 10.535 GC heap before
{Heap before GC invocations=11 (full 0):
 garbage-first heap   total 50176K, used 38390K [0x00000000c0000000, 0x0000000100000000)
  region size 1024K, 29 young (29696K), 2 survivors (2048K)
 Metaspace       used 27472K, capacity 28429K, committed 28544K, reserved 1073152K
  class space    used 3534K, capacity 3888K, committed 3968K, reserved 1048576K
}
Event: 10.555 GC heap after
{Heap after GC invocations=12 (full 0):
 garbage-first heap   total 50176K, used 13810K [0x00000000c0000000, 0x0000000100000000)
  region size 1024K, 4 young (4096K), 4 survivors (4096K)
 Metaspace       used 27472K, capacity 28429K, committed 28544K, reserved 1073152K
  class space    used 3534K, capacity 3888K, committed 3968K, reserved 1048576K
}
Event: 10.575 GC heap before
{Heap before GC invocations=12 (full 0):
 garbage-first heap   total 50176K, used 37362K [0x00000000c0000000, 0x0000000100000000)
  region size 1024K, 28 young (28672K), 4 survivors (4096K)
 Metaspace       used 27472K, capacity 28429K, committed 28544K, reserved 1073152K
  class space    used 3534K, capacity 3888K, committed 3968K, reserved 1048576K
}
Event: 10.593 GC heap after
{Heap after GC invocations=13 (full 0):
 garbage-first heap   total 50176K, used 13678K [0x00000000c0000000, 0x0000000100000000)
  region size 1024K, 1 young (1024K), 1 survivors (1024K)
 Metaspace       used 27472K, capacity 28429K, committed 28544K, reserved 1073152K
  class space    used 3534K, capacity 3888K, committed 3968K, reserved 1048576K
}
Event: 10.846 GC heap before
{Heap before GC invocations=13 (full 0):
 garbage-first heap   total 50176K, used 38254K [0x00000000c0000000, 0x0000000100000000)
  region size 1024K, 26 young (26624K), 1 survivors (1024K)
 Metaspace       used 28102K, capacity 29033K, committed 29056K, reserved 1075200K
  class space    used 3593K, capacity 3961K, committed 3968K, reserved 1048576K
}
Event: 10.849 GC heap after
{Heap after GC invocations=14 (full 0):
 garbage-first heap   total 50176K, used 14203K [0x00000000c0000000, 0x0000000100000000)
  region size 1024K, 1 young (1024K), 1 survivors (1024K)
 Metaspace       used 28102K, capacity 29033K, committed 29056K, reserved 1075200K
  class space    used 3593K, capacity 3961K, committed 3968K, reserved 1048576K
}
Event: 10.898 GC heap before
{Heap before GC invocations=14 (full 0):
 garbage-first heap   total 50176K, used 39803K [0x00000000c0000000, 0x0000000100000000)
  region size 1024K, 27 young (27648K), 1 survivors (1024K)
 Metaspace       used 28110K, capacity 29033K, committed 29056K, reserved 1075200K
  class space    used 3593K, capacity 3961K, committed 3968K, reserved 1048576K
}
Event: 10.899 GC heap after
{Heap after GC invocations=15 (full 0):
 garbage-first heap   total 50176K, used 14125K [0x00000000c0000000, 0x0000000100000000)
  region size 1024K, 1 young (1024K), 1 survivors (1024K)
 Metaspace       used 28110K, capacity 29033K, committed 29056K, reserved 1075200K
  class space    used 3593K, capacity 3961K, committed 3968K, reserved 1048576K
}
Event: 13.002 GC heap before
{Heap before GC invocations=15 (full 0):
 garbage-first heap   total 50176K, used 39725K [0x00000000c0000000, 0x0000000100000000)
  region size 1024K, 27 young (27648K), 1 survivors (1024K)
 Metaspace       used 32789K, capacity 33725K, committed 33920K, reserved 1079296K
  class space    used 4313K, capacity 4672K, committed 4736K, reserved 1048576K
}
Event: 13.012 GC heap after
{Heap after GC invocations=16 (full 0):
 garbage-first heap   total 50176K, used 15326K [0x00000000c0000000, 0x0000000100000000)
  region size 1024K, 2 young (2048K), 2 survivors (2048K)
 Metaspace       used 32789K, capacity 33725K, committed 33920K, reserved 1079296K
  class space    used 4313K, capacity 4672K, committed 4736K, reserved 1048576K
}
Event: 13.501 GC heap before
{Heap before GC invocations=16 (full 0):
 garbage-first heap   total 50176K, used 20446K [0x00000000c0000000, 0x0000000100000000)
  region size 1024K, 9 young (9216K), 2 survivors (2048K)
 Metaspace       used 34486K, capacity 35420K, committed 35584K, reserved 1079296K
  class space    used 4643K, capacity 5001K, committed 5120K, reserved 1048576K
}
Event: 13.510 GC heap after
{Heap after GC invocations=17 (full 0):
 garbage-first heap   total 60416K, used 15667K [0x00000000c0000000, 0x0000000100000000)
  region size 1024K, 2 young (2048K), 2 survivors (2048K)
 Metaspace       used 34486K, capacity 35420K, committed 35584K, reserved 1079296K
  class space    used 4643K, capacity 5001K, committed 5120K, reserved 1048576K
}
Event: 15.296 GC heap before
{Heap before GC invocations=18 (full 0):
 garbage-first heap   total 58368K, used 49459K [0x00000000c0000000, 0x0000000100000000)
  region size 1024K, 35 young (35840K), 2 survivors (2048K)
 Metaspace       used 42430K, capacity 43473K, committed 43648K, reserved 1087488K
  class space    used 5627K, capacity 6001K, committed 6016K, reserved 1048576K
}
Event: 15.315 GC heap after
{Heap after GC invocations=19 (full 0):
 garbage-first heap   total 58368K, used 18881K [0x00000000c0000000, 0x0000000100000000)
  region size 1024K, 5 young (5120K), 5 survivors (5120K)
 Metaspace       used 42430K, capacity 43473K, committed 43648K, reserved 1087488K
  class space    used 5627K, capacity 6001K, committed 6016K, reserved 1048576K
}
Event: 16.915 GC heap before
{Heap before GC invocations=19 (full 0):
 garbage-first heap   total 58368K, used 45505K [0x00000000c0000000, 0x0000000100000000)
  region size 1024K, 31 young (31744K), 5 survivors (5120K)
 Metaspace       used 47540K, capacity 48682K, committed 48896K, reserved 1091584K
  class space    used 6436K, capacity 6878K, committed 6912K, reserved 1048576K
}
Event: 16.940 GC heap after
{Heap after GC invocations=20 (full 0):
 garbage-first heap   total 58368K, used 20263K [0x00000000c0000000, 0x0000000100000000)
  region size 1024K, 2 young (2048K), 2 survivors (2048K)
 Metaspace       used 47540K, capacity 48682K, committed 48896K, reserved 1091584K
  class space    used 6436K, capacity 6878K, committed 6912K, reserved 1048576K
}

